<?xml version="1.0" encoding="UTF-8"?>
<!-- Generated by org.testng.reporters.JUnitXMLReporter -->
<testsuite ignored="8" hostname="LAPTOP-GV4F0G06" failures="0" tests="1" name="Default test" time="4.663" errors="0" timestamp="2024-12-22T15:17:58 IST">
  <testcase classname="tests.ShoppingCartPageTest" name="testValidateTitleAndURL" time="0.901"/>
  <testcase classname="tests.ShoppingCartPageTest" name="testAddAndRemoveSingleItemTwice" time="0.0">
    <ignored/>
  </testcase> <!-- testAddAndRemoveSingleItemTwice -->
  <testcase classname="tests.ShoppingCartPageTest" name="testUsernameDisplayedInNavigationBar" time="0.0">
    <ignored/>
  </testcase> <!-- testUsernameDisplayedInNavigationBar -->
  <testcase classname="tests.ShoppingCartPageTest" name="testRemoveProductFromCart" time="0.0">
    <ignored/>
  </testcase> <!-- testRemoveProductFromCart -->
  <testcase classname="tests.ShoppingCartPageTest" name="testLoginWithEmptyUsername" time="0.0">
    <ignored/>
  </testcase> <!-- testLoginWithEmptyUsername -->
  <testcase classname="tests.ShoppingCartPageTest" name="testPlaceOrderAfterAddingSingleItem" time="0.0">
    <ignored/>
  </testcase> <!-- testPlaceOrderAfterAddingSingleItem -->
  <testcase classname="tests.ShoppingCartPageTest" name="testCartPageLoadsSuccessfully" time="0.0">
    <ignored/>
  </testcase> <!-- testCartPageLoadsSuccessfully -->
  <testcase classname="tests.ShoppingCartPageTest" name="testAddAndRemoveSingleItem" time="0.0">
    <ignored/>
  </testcase> <!-- testAddAndRemoveSingleItem -->
  <testcase classname="tests.ShoppingCartPageTest" name="testLoginWithMissingRequiredFields" time="0.0">
    <ignored/>
  </testcase> <!-- testLoginWithMissingRequiredFields -->
</testsuite> <!-- Default test -->
