<?xml version="1.0" encoding="UTF-8"?>
<testng-results ignored="8" total="9" passed="1" failed="0" skipped="0">
  <reporter-output>
  </reporter-output>
  <suite started-at="2024-12-22T15:17:53 IST" name="Default suite" finished-at="2024-12-22T15:17:57 IST" duration-ms="4663">
    <groups>
    </groups>
    <test started-at="2024-12-22T15:17:53 IST" name="Default test" finished-at="2024-12-22T15:17:57 IST" duration-ms="4663">
      <class name="tests.ShoppingCartPageTest">
        <test-method is-config="true" signature="setUp()[pri:0, instance:tests.ShoppingCartPageTest@3a93b025]" started-at="2024-12-22T15:17:53 IST" name="setUp" finished-at="2024-12-22T15:17:56 IST" duration-ms="3517" status="PASS">
          <reporter-output>
          </reporter-output>
        </test-method> <!-- setUp -->
        <test-method signature="testValidateTitleAndURL()[pri:2, instance:tests.ShoppingCartPageTest@3a93b025]" started-at="2024-12-22T15:17:56 IST" name="testValidateTitleAndURL" finished-at="2024-12-22T15:17:57 IST" duration-ms="901" status="PASS">
          <reporter-output>
          </reporter-output>
        </test-method> <!-- testValidateTitleAndURL -->
        <test-method is-config="true" signature="tearDown()[pri:0, instance:tests.ShoppingCartPageTest@3a93b025]" started-at="2024-12-22T15:17:57 IST" name="tearDown" finished-at="2024-12-22T15:17:57 IST" duration-ms="210" status="PASS">
          <reporter-output>
          </reporter-output>
        </test-method> <!-- tearDown -->
      </class> <!-- tests.ShoppingCartPageTest -->
    </test> <!-- Default test -->
  </suite> <!-- Default suite -->
</testng-results>
